<?xml version="1.0" encoding="UTF-8"?>
<!-- Generated by org.testng.reporters.JUnitXMLReporter -->
<testsuite ignored="3" hostname="DESKTOP-57NE6NA" failures="0" tests="1" name="firefox Test" time="20.96" errors="0" timestamp="2026-05-28T06:52:50 IST">
  <testcase classname="testScripts.LoginTest" name="verifyUserLoginWithValidCredentials" time="3.093"/>
  <testcase classname="testScripts.LoginTest" name="verifyUserLoginWithInValidUsernameAndInValidPassowrd" time="0.0">
    <ignored/>
  </testcase> <!-- verifyUserLoginWithInValidUsernameAndInValidPassowrd -->
  <testcase classname="testScripts.LoginTest" name="verifyUserLoginWithInValidUsernameAndValidPassowrd" time="0.0">
    <ignored/>
  </testcase> <!-- verifyUserLoginWithInValidUsernameAndValidPassowrd -->
  <testcase classname="testScripts.LoginTest" name="verifyUserLoginWithValidUsernameAndInValidPassowrd" time="0.0">
    <ignored/>
  </testcase> <!-- verifyUserLoginWithValidUsernameAndInValidPassowrd -->
</testsuite> <!-- firefox Test -->
