<?xml version="1.0" encoding="UTF-8"?>
<!-- Generated by org.testng.reporters.JUnitXMLReporter -->
<testsuite ignored="0" hostname="DESKTOP-57NE6NA" failures="0" tests="4" name="Default test" time="24.172" errors="0" timestamp="2026-05-11T22:44:06 IST">
  <testcase classname="testScripts.LoginTest" name="verifyUserLoginWithInValidUsernameAndInValidPassowrd" time="1.564"/>
  <testcase classname="testScripts.LoginTest" name="verifyUserLoginWithInValidUsernameAndValidPassowrd" time="1.191"/>
  <testcase classname="testScripts.LoginTest" name="verifyUserLoginWithValidCredentials" time="1.101"/>
  <testcase classname="testScripts.LoginTest" name="verifyUserLoginWithValidUsernameAndInValidPassowrd" time="0.938"/>
</testsuite> <!-- Default test -->
