<?xml version="1.0" encoding="UTF-8"?>
<!-- Generated by org.testng.reporters.JUnitXMLReporter -->
<testsuite ignored="0" hostname="DESKTOP-57NE6NA" failures="0" tests="4" name="Test1" time="22.098" errors="0" timestamp="2026-05-28T23:09:08 IST">
  <testcase classname="testScripts.LoginTest" name="verifyUserLoginWithValidCredentials" time="1.782"/>
  <testcase classname="testScripts.LoginTest" name="verifyUserLoginWithValidUsernameAndInValidPassowrd" time="1.5"/>
  <testcase classname="testScripts.LoginTest" name="verifyUserLoginWithInValidUsernameAndValidPassowrd" time="1.609"/>
  <testcase classname="testScripts.LoginTest" name="verifyUserLoginWithInValidUsernameAndInValidPassowrd" time="1.204"/>
</testsuite> <!-- Test1 -->
