<?xml version="1.0" encoding="UTF-8"?>
<testng-results ignored="0" total="3" passed="3" failed="0" skipped="0">
  <reporter-output>
  </reporter-output>
  <suite started-at="2026-05-28T12:28:44 IST" name="Suite" finished-at="2026-05-28T12:29:15 IST" duration-ms="31039">
    <groups>
    </groups>
    <test started-at="2026-05-28T12:28:44 IST" name="Test" finished-at="2026-05-28T12:29:15 IST" duration-ms="31039">
      <class name="testScripts.GeneralNewsTest">
        <test-method is-config="true" signature="browserLaunch(java.lang.String)[pri:0, instance:testScripts.GeneralNewsTest@7dfd3c81]" started-at="2026-05-28T12:28:44 IST" name="browserLaunch" finished-at="2026-05-28T12:28:50 IST" duration-ms="5775" status="PASS">
          <params>
            <param index="0">
              <value>
                <![CDATA[chrome]]>
              </value>
            </param>
          </params>
          <reporter-output>
          </reporter-output>
        </test-method> <!-- browserLaunch -->
        <test-method signature="verifyNewUserCreation()[pri:0, instance:testScripts.GeneralNewsTest@7dfd3c81]" started-at="2026-05-28T12:28:50 IST" name="verifyNewUserCreation" description="create new user" finished-at="2026-05-28T12:28:57 IST" duration-ms="6613" status="PASS">
          <reporter-output>
          </reporter-output>
        </test-method> <!-- verifyNewUserCreation -->
        <test-method is-config="true" signature="driverCloseAndQuit(org.testng.ITestResult)[pri:0, instance:testScripts.GeneralNewsTest@7dfd3c81]" started-at="2026-05-28T12:28:57 IST" name="driverCloseAndQuit" finished-at="2026-05-28T12:28:57 IST" duration-ms="0" status="PASS">
          <params>
            <param index="0">
              <value>
                <![CDATA[[TestResult name=verifyNewUserCreation status=SUCCESS method=GeneralNewsTest.verifyNewUserCreation()[pri:0, instance:testScripts.GeneralNewsTest@7dfd3c81] output={null}]]]>
              </value>
            </param>
          </params>
          <reporter-output>
          </reporter-output>
        </test-method> <!-- driverCloseAndQuit -->
        <test-method is-config="true" signature="browserLaunch(java.lang.String)[pri:0, instance:testScripts.GeneralNewsTest@7dfd3c81]" started-at="2026-05-28T12:28:57 IST" name="browserLaunch" finished-at="2026-05-28T12:29:01 IST" duration-ms="3898" status="PASS">
          <params>
            <param index="0">
              <value>
                <![CDATA[chrome]]>
              </value>
            </param>
          </params>
          <reporter-output>
          </reporter-output>
        </test-method> <!-- browserLaunch -->
        <test-method signature="verifySearchExistingUser()[pri:0, instance:testScripts.GeneralNewsTest@7dfd3c81]" started-at="2026-05-28T12:29:01 IST" name="verifySearchExistingUser" description="search user" finished-at="2026-05-28T12:29:04 IST" duration-ms="3509" status="PASS">
          <reporter-output>
          </reporter-output>
        </test-method> <!-- verifySearchExistingUser -->
        <test-method is-config="true" signature="driverCloseAndQuit(org.testng.ITestResult)[pri:0, instance:testScripts.GeneralNewsTest@7dfd3c81]" started-at="2026-05-28T12:29:04 IST" name="driverCloseAndQuit" finished-at="2026-05-28T12:29:04 IST" duration-ms="7" status="PASS">
          <params>
            <param index="0">
              <value>
                <![CDATA[[TestResult name=verifySearchExistingUser status=SUCCESS method=GeneralNewsTest.verifySearchExistingUser()[pri:0, instance:testScripts.GeneralNewsTest@7dfd3c81] output={null}]]]>
              </value>
            </param>
          </params>
          <reporter-output>
          </reporter-output>
        </test-method> <!-- driverCloseAndQuit -->
        <test-method is-config="true" signature="browserLaunch(java.lang.String)[pri:0, instance:testScripts.GeneralNewsTest@7dfd3c81]" started-at="2026-05-28T12:29:04 IST" name="browserLaunch" finished-at="2026-05-28T12:29:09 IST" duration-ms="5119" status="PASS">
          <params>
            <param index="0">
              <value>
                <![CDATA[chrome]]>
              </value>
            </param>
          </params>
          <reporter-output>
          </reporter-output>
        </test-method> <!-- browserLaunch -->
        <test-method signature="verifyUserReset()[pri:0, instance:testScripts.GeneralNewsTest@7dfd3c81]" started-at="2026-05-28T12:29:09 IST" name="verifyUserReset" description="reset user" finished-at="2026-05-28T12:29:15 IST" duration-ms="5802" status="PASS">
          <reporter-output>
          </reporter-output>
        </test-method> <!-- verifyUserReset -->
        <test-method is-config="true" signature="driverCloseAndQuit(org.testng.ITestResult)[pri:0, instance:testScripts.GeneralNewsTest@7dfd3c81]" started-at="2026-05-28T12:29:15 IST" name="driverCloseAndQuit" finished-at="2026-05-28T12:29:15 IST" duration-ms="0" status="PASS">
          <params>
            <param index="0">
              <value>
                <![CDATA[[TestResult name=verifyUserReset status=SUCCESS method=GeneralNewsTest.verifyUserReset()[pri:0, instance:testScripts.GeneralNewsTest@7dfd3c81] output={null}]]]>
              </value>
            </param>
          </params>
          <reporter-output>
          </reporter-output>
        </test-method> <!-- driverCloseAndQuit -->
      </class> <!-- testScripts.GeneralNewsTest -->
    </test> <!-- Test -->
  </suite> <!-- Suite -->
</testng-results>
