<?xml version="1.0" encoding="UTF-8"?>
<!-- Generated by org.testng.reporters.JUnitXMLReporter -->
<testsuite ignored="2" hostname="DESKTOP-57NE6NA" failures="0" tests="2" name="Test" time="13.973" errors="0" timestamp="2026-05-28T16:30:21 IST">
  <testcase classname="testScripts.LoginTest" name="verifyUserLoginWithValidCredentials" time="2.814"/>
  <testcase classname="testScripts.LoginTest" name="verifyUserLoginWithInValidUsernameAndInValidPassowrd" time="1.41"/>
  <testcase classname="testScripts.LoginTest" name="verifyUserLoginWithValidUsernameAndInValidPassowrd" time="0.0">
    <ignored/>
  </testcase> <!-- verifyUserLoginWithValidUsernameAndInValidPassowrd -->
  <testcase classname="testScripts.LoginTest" name="verifyUserLoginWithInValidUsernameAndValidPassowrd" time="0.0">
    <ignored/>
  </testcase> <!-- verifyUserLoginWithInValidUsernameAndValidPassowrd -->
</testsuite> <!-- Test -->
