<?xml version="1.0" encoding="UTF-8"?>
<!-- Generated by org.testng.reporters.JUnitXMLReporter -->
<testsuite ignored="2" hostname="DESKTOP-57NE6NA" failures="0" tests="1" name="Test" time="12.095" errors="0" timestamp="2026-05-31T19:48:01 IST">
  <testcase classname="testScripts.AdminUsersTest" name="verifySearchUsers" time="5.898"/>
  <testcase classname="testScripts.AdminUsersTest" name="verifyreset" time="0.0">
    <ignored/>
  </testcase> <!-- verifyreset -->
  <testcase classname="testScripts.AdminUsersTest" name="verifyNewUserCreation" time="0.0">
    <ignored/>
  </testcase> <!-- verifyNewUserCreation -->
</testsuite> <!-- Test -->
