<?xml version="1.0" encoding="UTF-8"?>
<!-- Generated by org.testng.reporters.JUnitXMLReporter -->
<testsuite ignored="0" hostname="DESKTOP-57NE6NA" failures="0" tests="3" name="Test" time="31.039" errors="0" timestamp="2026-05-28T12:29:19 IST">
  <testcase classname="testScripts.GeneralNewsTest" name="verifyNewUserCreation" time="6.613"/>
  <testcase classname="testScripts.GeneralNewsTest" name="verifySearchExistingUser" time="3.509"/>
  <testcase classname="testScripts.GeneralNewsTest" name="verifyUserReset" time="5.802"/>
</testsuite> <!-- Test -->
