<?xml version="1.0" encoding="UTF-8"?>
<!-- Generated by org.testng.reporters.JUnitReportReporter -->
<testsuite hostname="DESKTOP-57NE6NA" failures="0" tests="2" name="testScripts.LoginTest" time="30.483" errors="0" timestamp="2026-05-28T06:52:50 IST" skipped="0">
  <testcase classname="testScripts.LoginTest" name="verifyUserLoginWithValidCredentials" time="20.920"/>
  <testcase classname="testScripts.LoginTest" name="verifyUserLoginWithValidCredentials" time="9.563"/>
</testsuite> <!-- testScripts.LoginTest -->
