<?xml version="1.0" encoding="UTF-8"?>
<!-- Generated by org.testng.reporters.JUnitReportReporter -->
<testsuite hostname="DESKTOP-57NE6NA" failures="0" tests="3" name="testScripts.GeneralNewsTest" time="30.723" errors="0" timestamp="2026-05-28T12:29:19 IST" skipped="0">
  <testcase classname="testScripts.GeneralNewsTest" name="verifySearchExistingUser" time="8.628"/>
  <testcase classname="testScripts.GeneralNewsTest" name="verifyUserReset" time="9.700"/>
  <testcase classname="testScripts.GeneralNewsTest" name="verifyNewUserCreation" time="12.395"/>
</testsuite> <!-- testScripts.GeneralNewsTest -->
